GROUP,PACKAGE,CLASS,INSTRUCTION_MISSED,INSTRUCTION_COVERED,BRANCH_MISSED,BRANCH_COVERED,LINE_MISSED,LINE_COVERED,COMPLEXITY_MISSED,COMPLEXITY_COVERED,METHOD_MISSED,METHOD_COVERED
Apache Commons IO,org.apache.commons.io.monitor,FileEntry,173,0,24,0,42,0,32,0,20,0
Apache Commons IO,org.apache.commons.io.monitor,FileAlterationListenerAdaptor,11,0,0,0,9,0,9,0,9,0
Apache Commons IO,org.apache.commons.io.monitor,FileAlterationMonitor,188,0,26,0,58,0,25,0,12,0
Apache Commons IO,org.apache.commons.io.monitor,FileAlterationObserver,563,0,70,0,123,0,58,0,23,0
Apache Commons IO,org.apache.commons.io.serialization,WildcardClassNameMatcher,11,0,0,0,4,0,2,0,2,0
Apache Commons IO,org.apache.commons.io.serialization,ValidatingObjectInputStream,230,0,18,0,40,0,21,0,12,0
Apache Commons IO,org.apache.commons.io.serialization,FullClassNameMatcher,16,0,0,0,4,0,2,0,2,0
Apache Commons IO,org.apache.commons.io.serialization,RegexpClassNameMatcher,24,0,2,0,8,0,4,0,3,0
Apache Commons IO,org.apache.commons.io.input,UnixLineEndingInputStream,116,0,24,0,35,0,18,0,6,0
Apache Commons IO,org.apache.commons.io.input,ReversedLinesFileReader.FilePart,338,0,44,0,63,0,27,0,5,0
Apache Commons IO,org.apache.commons.io.input,ClosedInputStream,10,0,0,0,3,0,3,0,3,0
Apache Commons IO,org.apache.commons.io.input,CharacterFilterReader,15,0,2,0,4,0,3,0,2,0
Apache Commons IO,org.apache.commons.io.input,CountingInputStream,86,0,6,0,20,0,10,0,7,0
Apache Commons IO,org.apache.commons.io.input,ObservableInputStream.Observer,9,0,0,0,6,0,6,0,6,0
Apache Commons IO,org.apache.commons.io.input,CharSequenceReader,172,0,22,0,37,0,20,0,9,0
Apache Commons IO,org.apache.commons.io.input,InfiniteCircularInputStream,27,0,0,0,6,0,2,0,2,0
Apache Commons IO,org.apache.commons.io.input,BOMInputStream.new Comparator() {...},21,0,4,0,8,0,4,0,2,0
Apache Commons IO,org.apache.commons.io.input,ReversedLinesFileReader,257,0,32,0,57,0,25,0,9,0
Apache Commons IO,org.apache.commons.io.input,AutoCloseInputStream,24,0,2,0,11,0,5,0,4,0
Apache Commons IO,org.apache.commons.io.input,SwappedDataInputStream,102,0,6,0,26,0,19,0,16,0
Apache Commons IO,org.apache.commons.io.input,MessageDigestCalculatingInputStream.MessageDigestMaintainingObserver,19,0,0,0,7,0,3,0,3,0
Apache Commons IO,org.apache.commons.io.input,BoundedReader,100,0,12,0,27,0,12,0,6,0
Apache Commons IO,org.apache.commons.io.input,XmlStreamReader,1377,0,160,0,204,0,104,0,24,0
Apache Commons IO,org.apache.commons.io.input,CharacterSetFilterReader,21,0,2,0,5,0,4,0,3,0
Apache Commons IO,org.apache.commons.io.input,ProxyReader,153,0,6,0,57,0,17,0,14,0
Apache Commons IO,org.apache.commons.io.input,BrokenInputStream,28,0,0,0,10,0,7,0,7,0
Apache Commons IO,org.apache.commons.io.input,TaggedInputStream,24,0,0,0,7,0,4,0,4,0
Apache Commons IO,org.apache.commons.io.input,ReaderInputStream,260,0,36,0,62,0,30,0,12,0
Apache Commons IO,org.apache.commons.io.input,CloseShieldInputStream,10,0,0,0,4,0,2,0,2,0
Apache Commons IO,org.apache.commons.io.input,WindowsLineEndingInputStream,134,0,26,0,43,0,19,0,6,0
Apache Commons IO,org.apache.commons.io.input,BoundedInputStream,191,0,20,0,44,0,24,0,14,0
Apache Commons IO,org.apache.commons.io.input,NullReader,258,0,26,0,63,0,28,0,15,0
Apache Commons IO,org.apache.commons.io.input,TailerListenerAdapter,9,0,0,0,7,0,7,0,7,0
Apache Commons IO,org.apache.commons.io.input,BOMInputStream,360,0,56,0,75,0,46,0,18,0
Apache Commons IO,org.apache.commons.io.input,XmlStreamReaderException,43,0,0,0,14,0,7,0,7,0
Apache Commons IO,org.apache.commons.io.input,Tailer,521,0,51,0,128,0,47,0,21,0
Apache Commons IO,org.apache.commons.io.input,ObservableInputStream,233,0,30,0,82,0,30,0,15,0
Apache Commons IO,org.apache.commons.io.input,CharSequenceInputStream,364,0,46,0,82,0,37,0,14,0
Apache Commons IO,org.apache.commons.io.input,ClassLoaderObjectInputStream,51,0,2,0,12,0,4,0,3,0
Apache Commons IO,org.apache.commons.io.input,NullInputStream,279,0,30,0,69,0,31,0,16,0
Apache Commons IO,org.apache.commons.io.input,DemuxInputStream,43,0,4,0,13,0,6,0,4,0
Apache Commons IO,org.apache.commons.io.input,ProxyInputStream,123,0,4,0,47,0,15,0,13,0
Apache Commons IO,org.apache.commons.io.input,AbstractCharacterFilterReader,59,0,10,0,16,0,8,0,3,0
Apache Commons IO,org.apache.commons.io.input,TeeInputStream,79,0,10,0,23,0,11,0,6,0
Apache Commons IO,org.apache.commons.io.input,MessageDigestCalculatingInputStream,28,0,0,0,9,0,4,0,4,0
Apache Commons IO,org.apache.commons.io.input.buffer,PeekableInputStream,98,0,8,0,16,0,8,0,4,0
Apache Commons IO,org.apache.commons.io.input.buffer,CircularByteBuffer,436,0,58,0,74,0,42,0,13,0
Apache Commons IO,org.apache.commons.io.input.buffer,CircularBufferInputStream,167,0,22,0,47,0,19,0,8,0
Apache Commons IO,org.apache.commons.io.output,NullPrintStream,11,0,0,0,3,0,2,0,2,0
Apache Commons IO,org.apache.commons.io.output,ProxyOutputStream,83,0,2,0,37,0,10,0,9,0
Apache Commons IO,org.apache.commons.io.output,XmlStreamWriter,216,0,24,0,53,0,23,0,11,0
Apache Commons IO,org.apache.commons.io.output,NullOutputStream,11,0,0,0,5,0,5,0,5,0
Apache Commons IO,org.apache.commons.io.output,TeeOutputStream,54,0,0,0,19,0,6,0,6,0
Apache Commons IO,org.apache.commons.io.output,ClosedOutputStream,27,0,0,0,4,0,4,0,4,0
Apache Commons IO,org.apache.commons.io.output,ChunkedWriter,45,0,4,0,16,0,5,0,3,0
Apache Commons IO,org.apache.commons.io.output,NullWriter,21,0,0,0,13,0,12,0,12,0
Apache Commons IO,org.apache.commons.io.output,ByteArrayOutputStream,526,0,46,0,119,0,41,0,18,0
Apache Commons IO,org.apache.commons.io.output,CountingOutputStream,74,0,4,0,17,0,8,0,6,0
Apache Commons IO,org.apache.commons.io.output,ThresholdingOutputStream,113,0,6,0,34,0,15,0,12,0
Apache Commons IO,org.apache.commons.io.output,TaggedOutputStream,24,0,0,0,7,0,4,0,4,0
Apache Commons IO,org.apache.commons.io.output,FileWriterWithEncoding,205,0,12,0,62,0,26,0,20,0
Apache Commons IO,org.apache.commons.io.output,ProxyWriter,191,0,6,0,80,0,17,0,14,0
Apache Commons IO,org.apache.commons.io.output,CloseShieldOutputStream,10,0,0,0,4,0,2,0,2,0
Apache Commons IO,org.apache.commons.io.output,BrokenOutputStream,22,0,0,0,8,0,5,0,5,0
Apache Commons IO,org.apache.commons.io.output,DeferredFileOutputStream,199,0,18,0,54,0,21,0,12,0
Apache Commons IO,org.apache.commons.io.output,LockableFileWriter,266,0,14,0,71,0,27,0,20,0
Apache Commons IO,org.apache.commons.io.output,WriterOutputStream,270,0,18,0,78,0,24,0,15,0
Apache Commons IO,org.apache.commons.io.output,StringBuilderWriter,79,0,6,0,25,0,15,0,12,0
Apache Commons IO,org.apache.commons.io.output,AppendableOutputStream,16,0,0,0,6,0,3,0,3,0
Apache Commons IO,org.apache.commons.io.output,DemuxOutputStream,53,0,6,0,17,0,8,0,5,0
Apache Commons IO,org.apache.commons.io.output,ChunkedOutputStream,45,0,4,0,16,0,5,0,3,0
Apache Commons IO,org.apache.commons.io,FileExistsException,20,0,0,0,6,0,3,0,3,0
Apache Commons IO,org.apache.commons.io,DirectoryWalker,221,0,26,0,57,0,29,0,16,0
Apache Commons IO,org.apache.commons.io,EndianUtils,749,0,4,0,87,0,33,0,31,0
Apache Commons IO,org.apache.commons.io,FileUtils,3232,0,432,0,641,0,338,0,122,0
Apache Commons IO,org.apache.commons.io,ByteOrderMark,296,0,24,0,46,0,21,0,9,0
Apache Commons IO,org.apache.commons.io,FilenameUtils,1676,0,386,0,401,0,239,0,46,0
Apache Commons IO,org.apache.commons.io,FileSystemUtils,763,0,103,0,162,0,67,0,14,0
Apache Commons IO,org.apache.commons.io,IOCase,225,0,30,0,32,0,30,0,15,0
Apache Commons IO,org.apache.commons.io,DirectoryWalker.CancelException,22,0,0,0,8,0,4,0,4,0
Apache Commons IO,org.apache.commons.io,FileCleaningTracker.Reaper,50,0,6,0,15,0,5,0,2,0
Apache Commons IO,org.apache.commons.io,LineIterator,117,0,18,0,44,0,17,0,8,0
Apache Commons IO,org.apache.commons.io,Charsets,73,0,4,0,17,0,7,0,5,0
Apache Commons IO,org.apache.commons.io,ThreadMonitor,70,0,6,0,26,0,9,0,6,0
Apache Commons IO,org.apache.commons.io,FileCleaningTracker.Tracker,27,0,2,0,6,0,4,0,3,0
Apache Commons IO,org.apache.commons.io,FileCleaner,38,0,0,0,14,0,9,0,9,0
Apache Commons IO,org.apache.commons.io,ByteOrderParser,37,0,4,0,7,0,4,0,2,0
Apache Commons IO,org.apache.commons.io,FileDeleteStrategy.ForceFileDeleteStrategy,8,0,0,0,4,0,2,0,2,0
Apache Commons IO,org.apache.commons.io,FileDeleteStrategy,65,0,8,0,15,0,10,0,6,0
Apache Commons IO,org.apache.commons.io,FileSystem,603,0,36,0,61,0,36,0,18,0
Apache Commons IO,org.apache.commons.io,IOUtils,1955,0,236,0,469,0,251,0,133,0
Apache Commons IO,org.apache.commons.io,IOExceptionWithCause,9,0,0,0,4,0,2,0,2,0
Apache Commons IO,org.apache.commons.io,HexDump,301,0,24,0,39,0,17,0,5,0
Apache Commons IO,org.apache.commons.io,FileCleaningTracker,125,0,10,0,32,0,14,0,9,0
Apache Commons IO,org.apache.commons.io,TaggedIOException,40,0,8,0,10,0,9,0,5,0
Apache Commons IO,org.apache.commons.io,CopyUtils,166,0,4,0,49,0,15,0,13,0
Apache Commons IO,org.apache.commons.io.filefilter,AbstractFileFilter,22,0,0,0,4,0,4,0,4,0
Apache Commons IO,org.apache.commons.io.filefilter,PrefixFileFilter,197,0,26,0,44,0,22,0,9,0
Apache Commons IO,org.apache.commons.io.filefilter,HiddenFileFilter,16,0,0,0,5,0,3,0,3,0
Apache Commons IO,org.apache.commons.io.filefilter,DelegateFileFilter,83,0,10,0,20,0,10,0,5,0
Apache Commons IO,org.apache.commons.io.filefilter,WildcardFileFilter,197,0,26,0,44,0,22,0,9,0
Apache Commons IO,org.apache.commons.io.filefilter,TrueFileFilter,14,0,0,0,6,0,4,0,4,0
Apache Commons IO,org.apache.commons.io.filefilter,RegexFileFilter,72,0,12,0,24,0,11,0,5,0
Apache Commons IO,org.apache.commons.io.filefilter,NotFileFilter,48,0,6,0,8,0,7,0,4,0
Apache Commons IO,org.apache.commons.io.filefilter,SizeFileFilter,68,0,10,0,12,0,9,0,4,0
Apache Commons IO,org.apache.commons.io.filefilter,SuffixFileFilter,197,0,26,0,44,0,22,0,9,0
Apache Commons IO,org.apache.commons.io.filefilter,AndFileFilter,178,0,26,0,47,0,23,0,10,0
Apache Commons IO,org.apache.commons.io.filefilter,MagicNumberFileFilter,183,0,20,0,43,0,16,0,6,0
Apache Commons IO,org.apache.commons.io.filefilter,WildcardFilter,126,0,20,0,28,0,15,0,5,0
Apache Commons IO,org.apache.commons.io.filefilter,FileFileFilter,11,0,0,0,4,0,3,0,3,0
Apache Commons IO,org.apache.commons.io.filefilter,AgeFileFilter,76,0,6,0,18,0,11,0,8,0
Apache Commons IO,org.apache.commons.io.filefilter,CanExecuteFileFilter,16,0,0,0,5,0,3,0,3,0
Apache Commons IO,org.apache.commons.io.filefilter,DirectoryFileFilter,13,0,0,0,5,0,3,0,3,0
Apache Commons IO,org.apache.commons.io.filefilter,FalseFileFilter,14,0,0,0,6,0,4,0,4,0
Apache Commons IO,org.apache.commons.io.filefilter,CanWriteFileFilter,16,0,0,0,5,0,3,0,3,0
Apache Commons IO,org.apache.commons.io.filefilter,FileFilterUtils,432,0,34,0,83,0,61,0,44,0
Apache Commons IO,org.apache.commons.io.filefilter,OrFileFilter,166,0,22,0,43,0,21,0,10,0
Apache Commons IO,org.apache.commons.io.filefilter,CanReadFileFilter,22,0,0,0,6,0,3,0,3,0
Apache Commons IO,org.apache.commons.io.filefilter,EmptyFileFilter,37,0,8,0,8,0,7,0,3,0
Apache Commons IO,org.apache.commons.io.filefilter,NameFileFilter,197,0,26,0,44,0,22,0,9,0
Apache Commons IO,org.apache.commons.io.comparator,NameFileComparator,69,0,2,0,14,0,6,0,5,0
Apache Commons IO,org.apache.commons.io.comparator,CompositeFileComparator,133,0,14,0,31,0,12,0,5,0
Apache Commons IO,org.apache.commons.io.comparator,DirectoryFileComparator,28,0,2,0,5,0,5,0,4,0
Apache Commons IO,org.apache.commons.io.comparator,DefaultFileComparator,17,0,0,0,4,0,3,0,3,0
Apache Commons IO,org.apache.commons.io.comparator,SizeFileComparator,105,0,16,0,25,0,13,0,5,0
Apache Commons IO,org.apache.commons.io.comparator,LastModifiedFileComparator,33,0,4,0,9,0,5,0,3,0
Apache Commons IO,org.apache.commons.io.comparator,ReverseComparator,35,0,2,0,7,0,4,0,3,0
Apache Commons IO,org.apache.commons.io.comparator,PathFileComparator,69,0,2,0,14,0,6,0,5,0
Apache Commons IO,org.apache.commons.io.comparator,AbstractFileComparator,21,0,4,0,8,0,6,0,4,0
Apache Commons IO,org.apache.commons.io.comparator,ExtensionFileComparator,75,0,2,0,16,0,6,0,5,0
